<?xml version="1.0" encoding="UTF-8"?>
<testsuite name="runner.runner" tests="0" skipped="0" failures="0" errors="0" timestamp="1970-01-01T00:00:00" hostname="YUXMED0025L" time="0.0">
  <properties/>
  <system-out><![CDATA[
?[31mFailed scenarios:?[0m
?[31msrc/test/resource/features/HomeAmazon.feature:21 ?[0m# A user searches a product (hat) and add it to the cart

1 Scenarios (?[31m1 failed?[0m)
7 Steps (?[31m1 failed?[0m, ?[36m3 skipped?[0m, ?[32m3 passed?[0m)
0m46.228s

org.openqa.selenium.TimeoutException: Expected condition failed: waiting for visibility of element located by By.xpath: //span[@class='a-dropdown-label'] (tried for 30 second(s) with 500 milliseconds interval)
Build info: version: '4.1.2', revision: '9a5a329c5a'
System info: host: 'YUXMED0025L', ip: '192.168.1.2', os.name: 'Windows 10', os.arch: 'amd64', os.version: '10.0', java.version: '15.0.2'
Driver info: org.openqa.selenium.chrome.ChromeDriver
Capabilities {acceptInsecureCerts: false, browserName: chrome, browserVersion: 101.0.4951.54, chrome: {chromedriverVersion: 101.0.4951.41 (93c720db8323..., userDataDir: C:\Users\LAURA~1.ANG\AppDat...}, goog:chromeOptions: {debuggerAddress: localhost:50190}, javascriptEnabled: true, networkConnectionEnabled: false, pageLoadStrategy: normal, platform: WINDOWS, platformName: WINDOWS, proxy: Proxy(), se:cdp: ws://localhost:50190/devtoo..., se:cdpVersion: 101.0.4951.54, setWindowRect: true, strictFileInteractability: false, timeouts: {implicit: 0, pageLoad: 300000, script: 30000}, unhandledPromptBehavior: dismiss and notify, webauthn:extension:credBlob: true, webauthn:extension:largeBlob: true, webauthn:virtualAuthenticators: true}
Session ID: ad6efc5478d5cdb67b318c0bb35a307b
	at org.openqa.selenium.support.ui.WebDriverWait.timeoutException(WebDriverWait.java:138)
	at org.openqa.selenium.support.ui.FluentWait.until(FluentWait.java:231)
	at pages.BasePage.find(BasePage.java:75)
	at pages.BasePage.click(BasePage.java:83)
	at pages.AmazonPage3_Product.selectQuantity(AmazonPage3_Product.java:13)
	at steps.HomeAmazonSteps.i_select_quantity_for_the_selected_product(HomeAmazonSteps.java:60)
	at ?.I select quantity 2 for the selected product(src/test/resource/features/HomeAmazon.feature:25)

]]></system-out>
  <system-err><![CDATA[]]></system-err>
</testsuite>
